<?xml version="1.0" encoding="UTF-8"?>
<coverage generated="1651079089047" clover="3.2.0">
  <project timestamp="1651079089047" name="All files">
    <metrics statements="24" coveredstatements="24" conditionals="0" coveredconditionals="0" methods="11" coveredmethods="11" elements="35" coveredelements="35" complexity="0" loc="24" ncloc="24" packages="1" files="2" classes="2"/>
    <file name="bank.js" path="/Users/kathleenly/Documents/Makers/Week-10/bank-tech-test/lib/bank.js">
      <metrics statements="18" coveredstatements="18" conditionals="0" coveredconditionals="0" methods="9" coveredmethods="9"/>
      <line num="3" count="4" type="stmt"/>
      <line num="4" count="4" type="stmt"/>
      <line num="5" count="4" type="stmt"/>
      <line num="9" count="2" type="stmt"/>
      <line num="13" count="1" type="stmt"/>
      <line num="17" count="4" type="stmt"/>
      <line num="18" count="4" type="stmt"/>
      <line num="23" count="3" type="stmt"/>
      <line num="24" count="3" type="stmt"/>
      <line num="28" count="4" type="stmt"/>
      <line num="37" count="3" type="stmt"/>
      <line num="48" count="1" type="stmt"/>
      <line num="52" count="7" type="stmt"/>
      <line num="54" count="7" type="stmt"/>
      <line num="55" count="7" type="stmt"/>
      <line num="56" count="7" type="stmt"/>
      <line num="58" count="7" type="stmt"/>
      <line num="61" count="1" type="stmt"/>
    </file>
    <file name="statement.js" path="/Users/kathleenly/Documents/Makers/Week-10/bank-tech-test/lib/statement.js">
      <metrics statements="6" coveredstatements="6" conditionals="0" coveredconditionals="0" methods="2" coveredmethods="2"/>
      <line num="3" count="5" type="stmt"/>
      <line num="8" count="2" type="stmt"/>
      <line num="9" count="2" type="stmt"/>
      <line num="10" count="3" type="stmt"/>
      <line num="12" count="2" type="stmt"/>
      <line num="16" count="2" type="stmt"/>
    </file>
  </project>
</coverage>
