{"/Users/kathleenly/Documents/Makers/Week-10/bank-tech-test/lib/bank.js": {"path":"/Users/kathleenly/Documents/Makers/Week-10/bank-tech-test/lib/bank.js","statementMap":{"0":{"start":{"line":3,"column":4},"end":{"line":3,"column":21}},"1":{"start":{"line":4,"column":4},"end":{"line":4,"column":27}},"2":{"start":{"line":5,"column":4},"end":{"line":5,"column":31}},"3":{"start":{"line":9,"column":4},"end":{"line":9,"column":24}},"4":{"start":{"line":13,"column":4},"end":{"line":13,"column":29}},"5":{"start":{"line":17,"column":4},"end":{"line":17,"column":26}},"6":{"start":{"line":18,"column":4},"end":{"line":18,"column":39}},"7":{"start":{"line":23,"column":4},"end":{"line":23,"column":26}},"8":{"start":{"line":24,"column":4},"end":{"line":24,"column":38}},"9":{"start":{"line":28,"column":4},"end":{"line":33,"column":7}},"10":{"start":{"line":37,"column":4},"end":{"line":42,"column":7}},"11":{"start":{"line":48,"column":4},"end":{"line":48,"column":63}},"12":{"start":{"line":52,"column":16},"end":{"line":52,"column":36}},"13":{"start":{"line":54,"column":15},"end":{"line":54,"column":55}},"14":{"start":{"line":55,"column":15},"end":{"line":55,"column":60}},"15":{"start":{"line":56,"column":17},"end":{"line":56,"column":36}},"16":{"start":{"line":58,"column":4},"end":{"line":58,"column":48}},"17":{"start":{"line":61,"column":0},"end":{"line":61,"column":22}}},"fnMap":{"0":{"name":"(anonymous_0)","decl":{"start":{"line":2,"column":2},"end":{"line":2,"column":3}},"loc":{"start":{"line":2,"column":25},"end":{"line":6,"column":3}},"line":2},"1":{"name":"(anonymous_1)","decl":{"start":{"line":8,"column":2},"end":{"line":8,"column":3}},"loc":{"start":{"line":8,"column":15},"end":{"line":10,"column":3}},"line":8},"2":{"name":"(anonymous_2)","decl":{"start":{"line":12,"column":2},"end":{"line":12,"column":3}},"loc":{"start":{"line":12,"column":20},"end":{"line":14,"column":3}},"line":12},"3":{"name":"(anonymous_3)","decl":{"start":{"line":16,"column":2},"end":{"line":16,"column":3}},"loc":{"start":{"line":16,"column":17},"end":{"line":20,"column":3}},"line":16},"4":{"name":"(anonymous_4)","decl":{"start":{"line":22,"column":2},"end":{"line":22,"column":3}},"loc":{"start":{"line":22,"column":18},"end":{"line":25,"column":3}},"line":22},"5":{"name":"(anonymous_5)","decl":{"start":{"line":27,"column":2},"end":{"line":27,"column":3}},"loc":{"start":{"line":27,"column":38},"end":{"line":34,"column":3}},"line":27},"6":{"name":"(anonymous_6)","decl":{"start":{"line":36,"column":2},"end":{"line":36,"column":3}},"loc":{"start":{"line":36,"column":37},"end":{"line":44,"column":3}},"line":36},"7":{"name":"(anonymous_7)","decl":{"start":{"line":46,"column":2},"end":{"line":46,"column":3}},"loc":{"start":{"line":46,"column":19},"end":{"line":49,"column":3}},"line":46},"8":{"name":"(anonymous_8)","decl":{"start":{"line":51,"column":2},"end":{"line":51,"column":3}},"loc":{"start":{"line":51,"column":15},"end":{"line":59,"column":3}},"line":51}},"branchMap":{},"s":{"0":4,"1":4,"2":4,"3":2,"4":1,"5":4,"6":4,"7":3,"8":3,"9":4,"10":3,"11":1,"12":7,"13":7,"14":7,"15":7,"16":7,"17":1},"f":{"0":4,"1":2,"2":1,"3":4,"4":3,"5":4,"6":3,"7":1,"8":7},"b":{},"_coverageSchema":"1a1c01bbd47fc00a2c39e90264f33305004495a9","hash":"11f75ffd980d38a023ce1457441210e414e49153"}
,"/Users/kathleenly/Documents/Makers/Week-10/bank-tech-test/lib/statement.js": {"path":"/Users/kathleenly/Documents/Makers/Week-10/bank-tech-test/lib/statement.js","statementMap":{"0":{"start":{"line":3,"column":4},"end":{"line":3,"column":55}},"1":{"start":{"line":8,"column":20},"end":{"line":8,"column":22}},"2":{"start":{"line":9,"column":4},"end":{"line":11,"column":5}},"3":{"start":{"line":9,"column":16},"end":{"line":9,"column":17}},"4":{"start":{"line":10,"column":8},"end":{"line":10,"column":152}},"5":{"start":{"line":12,"column":4},"end":{"line":12,"column":51}},"6":{"start":{"line":16,"column":0},"end":{"line":16,"column":27}}},"fnMap":{"0":{"name":"(anonymous_0)","decl":{"start":{"line":2,"column":2},"end":{"line":2,"column":3}},"loc":{"start":{"line":2,"column":16},"end":{"line":4,"column":3}},"line":2},"1":{"name":"(anonymous_1)","decl":{"start":{"line":6,"column":2},"end":{"line":6,"column":3}},"loc":{"start":{"line":6,"column":34},"end":{"line":13,"column":3}},"line":6}},"branchMap":{},"s":{"0":5,"1":2,"2":2,"3":2,"4":3,"5":2,"6":2},"f":{"0":5,"1":2},"b":{},"_coverageSchema":"1a1c01bbd47fc00a2c39e90264f33305004495a9","hash":"9f58ffa004c5116f6ac3386a2c03fd8ff3b7320b"}
}
