TN:
SF:lib/bank.js
FN:2,(anonymous_0)
FN:8,(anonymous_1)
FN:12,(anonymous_2)
FN:16,(anonymous_3)
FN:22,(anonymous_4)
FN:27,(anonymous_5)
FN:36,(anonymous_6)
FN:46,(anonymous_7)
FN:51,(anonymous_8)
FNF:9
FNH:9
FNDA:4,(anonymous_0)
FNDA:2,(anonymous_1)
FNDA:1,(anonymous_2)
FNDA:4,(anonymous_3)
FNDA:3,(anonymous_4)
FNDA:4,(anonymous_5)
FNDA:3,(anonymous_6)
FNDA:1,(anonymous_7)
FNDA:7,(anonymous_8)
DA:3,4
DA:4,4
DA:5,4
DA:9,2
DA:13,1
DA:17,4
DA:18,4
DA:23,3
DA:24,3
DA:28,4
DA:37,3
DA:48,1
DA:52,7
DA:54,7
DA:55,7
DA:56,7
DA:58,7
DA:61,1
LF:18
LH:18
BRF:0
BRH:0
end_of_record
TN:
SF:lib/statement.js
FN:2,(anonymous_0)
FN:6,(anonymous_1)
FNF:2
FNH:2
FNDA:5,(anonymous_0)
FNDA:2,(anonymous_1)
DA:3,5
DA:8,2
DA:9,2
DA:10,3
DA:12,2
DA:16,2
LF:6
LH:6
BRF:0
BRH:0
end_of_record
